#
# There is insufficient memory for the Java Runtime Environment to continue.
# Native memory allocation (malloc) failed to allocate 667776 bytes. Error detail: Chunk::new
# Possible reasons:
#   The system is out of physical RAM or swap space
#   This process is running with CompressedOops enabled, and the Java Heap may be blocking the growth of the native heap
# Possible solutions:
#   Reduce memory load on the system
#   Increase physical memory or swap space
#   Check if swap backing store is full
#   Decrease Java heap size (-Xmx/-Xms)
#   Decrease number of Java threads
#   Decrease Java thread stack sizes (-Xss)
#   Set larger code cache with -XX:ReservedCodeCacheSize=
#   JVM is running with Unscaled Compressed Oops mode in which the Java heap is
#     placed in the first 4GB address space. The Java Heap base address is the
#     maximum limit for the native heap growth. Please use -XX:HeapBaseMinAddress
#     to set the Java Heap base and to place the Java Heap above 4GB virtual address.
# This output file may be truncated or incomplete.
#
#  Out of Memory Error (arena.cpp:191), pid=25540, tid=22668
#
# JRE version: OpenJDK Runtime Environment (17.0.11) (build 17.0.11+0--11852314)
# Java VM: OpenJDK 64-Bit Server VM (17.0.11+0--11852314, mixed mode, tiered, compressed oops, compressed class ptrs, g1 gc, windows-amd64)
# No core dump will be written. Minidumps are not enabled by default on client versions of Windows
#

---------------  S U M M A R Y ------------

Command Line: org.jetbrains.kotlin.cli.jvm.K2JVMCompiler @D:\basic-android-kotlin-compose-training-inventory-app-main\app\build\20240923_2633569073351158909.compiler.options

Host: AMD Ryzen 3 7320U with Radeon Graphics         , 8 cores, 5G,  Windows 11 , 64 bit Build 22621 (10.0.22621.3958)
Time: Mon Sep 23 19:37:10 2024 SE Asia Standard Time elapsed time: 11.109947 seconds (0d 0h 0m 11s)

---------------  T H R E A D  ---------------

Current thread (0x00000271331a9a40):  JavaThread "C2 CompilerThread1" daemon [_thread_in_native, id=22668, stack(0x000000a54be00000,0x000000a54bf00000)]


Current CompileTask:
C2:  11110 9429       4       org.jetbrains.kotlin.name.FqNameUnsafe::pathSegments (39 bytes)

Stack: [0x000000a54be00000,0x000000a54bf00000]
Native frames: (J=compiled Java code, j=interpreted, Vv=VM code, C=native code)
V  [jvm.dll+0x687bb9]
V  [jvm.dll+0x84142a]
V  [jvm.dll+0x8430ae]
V  [jvm.dll+0x843713]
V  [jvm.dll+0x24a35f]
V  [jvm.dll+0xac544]
V  [jvm.dll+0xacb8c]
V  [jvm.dll+0x2b194f]
V  [jvm.dll+0x58eba7]
V  [jvm.dll+0x2247e2]
V  [jvm.dll+0x224bdf]
V  [jvm.dll+0x21dd00]
V  [jvm.dll+0x21b201]
V  [jvm.dll+0x1a63ed]
V  [jvm.dll+0x22b1ee]
V  [jvm.dll+0x229375]
V  [jvm.dll+0x7f5647]
V  [jvm.dll+0x7efa4a]
V  [jvm.dll+0x686a35]
C  [ucrtbase.dll+0x29333]
C  [KERNEL32.DLL+0x1257d]
C  [ntdll.dll+0x5af28]


---------------  P R O C E S S  ---------------

Threads class SMR info:
_java_thread_list=0x00000271331a42a0, length=13, elements={
0x00000271161e2f20, 0x000002712eac7b70, 0x000002712eac8900, 0x000002712eb0abc0,
0x000002712eb0db60, 0x000002712eb0e590, 0x0000027133023120, 0x0000027133027220,
0x0000027133027b30, 0x0000027133028440, 0x000002713319f7c0, 0x00000271331a6570,
0x00000271331a9a40
}

Java Threads: ( => current thread )
  0x00000271161e2f20 JavaThread "main" [_thread_in_Java, id=24688, stack(0x000000a54ab00000,0x000000a54ac00000)]
  0x000002712eac7b70 JavaThread "Reference Handler" daemon [_thread_blocked, id=24696, stack(0x000000a54b200000,0x000000a54b300000)]
  0x000002712eac8900 JavaThread "Finalizer" daemon [_thread_blocked, id=23656, stack(0x000000a54b300000,0x000000a54b400000)]
  0x000002712eb0abc0 JavaThread "Signal Dispatcher" daemon [_thread_blocked, id=24692, stack(0x000000a54b400000,0x000000a54b500000)]
  0x000002712eb0db60 JavaThread "Attach Listener" daemon [_thread_blocked, id=24684, stack(0x000000a54b500000,0x000000a54b600000)]
  0x000002712eb0e590 JavaThread "Service Thread" daemon [_thread_blocked, id=24664, stack(0x000000a54b600000,0x000000a54b700000)]
  0x0000027133023120 JavaThread "Monitor Deflation Thread" daemon [_thread_blocked, id=24344, stack(0x000000a54b700000,0x000000a54b800000)]
  0x0000027133027220 JavaThread "C2 CompilerThread0" daemon [_thread_in_native, id=25192, stack(0x000000a54b800000,0x000000a54b900000)]
  0x0000027133027b30 JavaThread "C1 CompilerThread0" daemon [_thread_blocked, id=25068, stack(0x000000a54b900000,0x000000a54ba00000)]
  0x0000027133028440 JavaThread "Sweeper thread" daemon [_thread_blocked, id=25224, stack(0x000000a54ba00000,0x000000a54bb00000)]
  0x000002713319f7c0 JavaThread "Notification Thread" daemon [_thread_blocked, id=25300, stack(0x000000a54bb00000,0x000000a54bc00000)]
  0x00000271331a6570 JavaThread "Common-Cleaner" daemon [_thread_blocked, id=25228, stack(0x000000a54bd00000,0x000000a54be00000)]
=>0x00000271331a9a40 JavaThread "C2 CompilerThread1" daemon [_thread_in_native, id=22668, stack(0x000000a54be00000,0x000000a54bf00000)]

Other Threads:
  0x000002712eac1970 VMThread "VM Thread" [stack: 0x000000a54b100000,0x000000a54b200000] [id=13064]
  0x00000271331a1cb0 WatcherThread [stack: 0x000000a54bc00000,0x000000a54bd00000] [id=23720]
  0x000002711622e3e0 GCTaskThread "GC Thread#0" [stack: 0x000000a54ac00000,0x000000a54ad00000] [id=24656]
  0x00000271338a1710 GCTaskThread "GC Thread#1" [stack: 0x000000a54bf00000,0x000000a54c000000] [id=24808]
  0x00000271339100f0 GCTaskThread "GC Thread#2" [stack: 0x000000a54c000000,0x000000a54c100000] [id=24752]
  0x00000271339103b0 GCTaskThread "GC Thread#3" [stack: 0x000000a54c100000,0x000000a54c200000] [id=24648]
  0x0000027133910e90 GCTaskThread "GC Thread#4" [stack: 0x000000a54c200000,0x000000a54c300000] [id=20376]
  0x0000027133912d70 GCTaskThread "GC Thread#5" [stack: 0x000000a54c300000,0x000000a54c400000] [id=21716]
  0x0000027133c60490 GCTaskThread "GC Thread#6" [stack: 0x000000a54c400000,0x000000a54c500000] [id=1684]
  0x0000027133c60750 GCTaskThread "GC Thread#7" [stack: 0x000000a54c500000,0x000000a54c600000] [id=22676]
  0x000002711623ba10 ConcurrentGCThread "G1 Main Marker" [stack: 0x000000a54ad00000,0x000000a54ae00000] [id=24668]
  0x000002711623c340 ConcurrentGCThread "G1 Conc#0" [stack: 0x000000a54ae00000,0x000000a54af00000] [id=24676]
  0x0000027133af5020 ConcurrentGCThread "G1 Conc#1" [stack: 0x000000a54c600000,0x000000a54c700000] [id=24616]
  0x000002712e9240b0 ConcurrentGCThread "G1 Refine#0" [stack: 0x000000a54af00000,0x000000a54b000000] [id=24588]
  0x0000027133d96730 ConcurrentGCThread "G1 Refine#1" [stack: 0x000000a54c700000,0x000000a54c800000] [id=3480]
  0x000002711628de00 ConcurrentGCThread "G1 Service" [stack: 0x000000a54b000000,0x000000a54b100000] [id=24660]

Threads with active compile tasks:
C2 CompilerThread0    11144 9425   !   4       org.jetbrains.kotlin.metadata.ProtoBuf$Type::<init> (875 bytes)
C1 CompilerThread0    11144 9498       3       org.jetbrains.kotlin.descriptors.ConstUtilKt::canBeUsedForConstVal (40 bytes)
C2 CompilerThread1    11144 9429       4       org.jetbrains.kotlin.name.FqNameUnsafe::pathSegments (39 bytes)

VM state: not at safepoint (normal execution)

VM Mutex/Monitor currently owned by a thread: None

Heap address: 0x00000000a4200000, size: 1470 MB, Compressed Oops mode: 32-bit

CDS archive(s) not mapped
Compressed class space mapped at: 0x0000000100000000-0x0000000140000000, reserved size: 1073741824
Narrow klass base: 0x0000000000000000, Narrow klass shift: 3, Narrow klass range: 0x140000000

GC Precious Log:
 CPUs: 8 total, 8 available
 Memory: 5877M
 Large Page Support: Disabled
 NUMA Support: Disabled
 Compressed Oops: Enabled (32-bit)
 Heap Region Size: 1M
 Heap Min Capacity: 8M
 Heap Initial Capacity: 92M
 Heap Max Capacity: 1470M
 Pre-touch: Disabled
 Parallel Workers: 8
 Concurrent Workers: 2
 Concurrent Refinement Workers: 8
 Periodic GC: Disabled

Heap:
 garbage-first heap   total 100352K, used 63730K [0x00000000a4200000, 0x0000000100000000)
  region size 1024K, 10 young (10240K), 1 survivors (1024K)
 Metaspace       used 56333K, committed 56640K, reserved 1114112K
  class space    used 6257K, committed 6400K, reserved 1048576K

Heap Regions: E=young(eden), S=young(survivor), O=old, HS=humongous(starts), HC=humongous(continues), CS=collection set, F=free, OA=open archive, CA=closed archive, TAMS=top-at-mark-start (previous, next)
|   0|0x00000000a4200000, 0x00000000a4300000, 0x00000000a4300000|100%|HS|  |TAMS 0x00000000a4300000, 0x00000000a4200000| Complete 
|   1|0x00000000a4300000, 0x00000000a4400000, 0x00000000a4400000|100%|HC|  |TAMS 0x00000000a4400000, 0x00000000a4300000| Complete 
|   2|0x00000000a4400000, 0x00000000a4500000, 0x00000000a4500000|100%|HC|  |TAMS 0x00000000a4500000, 0x00000000a4400000| Complete 
|   3|0x00000000a4500000, 0x00000000a4600000, 0x00000000a4600000|100%|HC|  |TAMS 0x00000000a4600000, 0x00000000a4500000| Complete 
|   4|0x00000000a4600000, 0x00000000a4700000, 0x00000000a4700000|100%| O|  |TAMS 0x00000000a4700000, 0x00000000a4600000| Untracked 
|   5|0x00000000a4700000, 0x00000000a4800000, 0x00000000a4800000|100%| O|  |TAMS 0x00000000a4800000, 0x00000000a4700000| Untracked 
|   6|0x00000000a4800000, 0x00000000a4900000, 0x00000000a4900000|100%| O|  |TAMS 0x00000000a4900000, 0x00000000a4800000| Untracked 
|   7|0x00000000a4900000, 0x00000000a4a00000, 0x00000000a4a00000|100%| O|  |TAMS 0x00000000a4a00000, 0x00000000a4900000| Untracked 
|   8|0x00000000a4a00000, 0x00000000a4b00000, 0x00000000a4b00000|100%| O|  |TAMS 0x00000000a4b00000, 0x00000000a4a00000| Untracked 
|   9|0x00000000a4b00000, 0x00000000a4c00000, 0x00000000a4c00000|100%| O|  |TAMS 0x00000000a4c00000, 0x00000000a4b00000| Untracked 
|  10|0x00000000a4c00000, 0x00000000a4d00000, 0x00000000a4d00000|100%| O|  |TAMS 0x00000000a4d00000, 0x00000000a4c00000| Untracked 
|  11|0x00000000a4d00000, 0x00000000a4e00000, 0x00000000a4e00000|100%| O|  |TAMS 0x00000000a4e00000, 0x00000000a4d00000| Untracked 
|  12|0x00000000a4e00000, 0x00000000a4f00000, 0x00000000a4f00000|100%| O|  |TAMS 0x00000000a4f00000, 0x00000000a4e00000| Untracked 
|  13|0x00000000a4f00000, 0x00000000a4f00000, 0x00000000a5000000|  0%| F|  |TAMS 0x00000000a4f00000, 0x00000000a4f00000| Untracked 
|  14|0x00000000a5000000, 0x00000000a5100000, 0x00000000a5100000|100%| O|  |TAMS 0x00000000a5100000, 0x00000000a5000000| Untracked 
|  15|0x00000000a5100000, 0x00000000a5200000, 0x00000000a5200000|100%| O|  |TAMS 0x00000000a5200000, 0x00000000a5100000| Untracked 
|  16|0x00000000a5200000, 0x00000000a5300000, 0x00000000a5300000|100%| O|  |TAMS 0x00000000a5300000, 0x00000000a5200000| Untracked 
|  17|0x00000000a5300000, 0x00000000a5400000, 0x00000000a5400000|100%| O|  |TAMS 0x00000000a5300000, 0x00000000a5300000| Untracked 
|  18|0x00000000a5400000, 0x00000000a5500000, 0x00000000a5500000|100%|HS|  |TAMS 0x00000000a5500000, 0x00000000a5400000| Complete 
|  19|0x00000000a5500000, 0x00000000a5600000, 0x00000000a5600000|100%|HC|  |TAMS 0x00000000a5600000, 0x00000000a5500000| Complete 
|  20|0x00000000a5600000, 0x00000000a5700000, 0x00000000a5700000|100%| O|  |TAMS 0x00000000a5700000, 0x00000000a5600000| Untracked 
|  21|0x00000000a5700000, 0x00000000a5800000, 0x00000000a5800000|100%| O|  |TAMS 0x00000000a5800000, 0x00000000a5700000| Untracked 
|  22|0x00000000a5800000, 0x00000000a5900000, 0x00000000a5900000|100%| O|  |TAMS 0x00000000a5900000, 0x00000000a5800000| Untracked 
|  23|0x00000000a5900000, 0x00000000a5a00000, 0x00000000a5a00000|100%| O|  |TAMS 0x00000000a5a00000, 0x00000000a5900000| Untracked 
|  24|0x00000000a5a00000, 0x00000000a5b00000, 0x00000000a5b00000|100%| O|  |TAMS 0x00000000a5b00000, 0x00000000a5a00000| Untracked 
|  25|0x00000000a5b00000, 0x00000000a5c00000, 0x00000000a5c00000|100%| O|  |TAMS 0x00000000a5c00000, 0x00000000a5b00000| Untracked 
|  26|0x00000000a5c00000, 0x00000000a5d00000, 0x00000000a5d00000|100%| O|  |TAMS 0x00000000a5d00000, 0x00000000a5c00000| Untracked 
|  27|0x00000000a5d00000, 0x00000000a5e00000, 0x00000000a5e00000|100%| O|  |TAMS 0x00000000a5e00000, 0x00000000a5d00000| Untracked 
|  28|0x00000000a5e00000, 0x00000000a5f00000, 0x00000000a5f00000|100%| O|  |TAMS 0x00000000a5f00000, 0x00000000a5e00000| Untracked 
|  29|0x00000000a5f00000, 0x00000000a6000000, 0x00000000a6000000|100%| O|  |TAMS 0x00000000a6000000, 0x00000000a5f00000| Untracked 
|  30|0x00000000a6000000, 0x00000000a6100000, 0x00000000a6100000|100%| O|  |TAMS 0x00000000a6100000, 0x00000000a6000000| Untracked 
|  31|0x00000000a6100000, 0x00000000a6200000, 0x00000000a6200000|100%| O|  |TAMS 0x00000000a6200000, 0x00000000a6100000| Untracked 
|  32|0x00000000a6200000, 0x00000000a6300000, 0x00000000a6300000|100%| O|  |TAMS 0x00000000a6300000, 0x00000000a6200000| Untracked 
|  33|0x00000000a6300000, 0x00000000a6400000, 0x00000000a6400000|100%| O|  |TAMS 0x00000000a6400000, 0x00000000a6300000| Untracked 
|  34|0x00000000a6400000, 0x00000000a6500000, 0x00000000a6500000|100%| O|  |TAMS 0x00000000a6500000, 0x00000000a6400000| Untracked 
|  35|0x00000000a6500000, 0x00000000a6600000, 0x00000000a6600000|100%| O|  |TAMS 0x00000000a6600000, 0x00000000a6500000| Untracked 
|  36|0x00000000a6600000, 0x00000000a6700000, 0x00000000a6700000|100%| O|  |TAMS 0x00000000a6700000, 0x00000000a6600000| Untracked 
|  37|0x00000000a6700000, 0x00000000a6800000, 0x00000000a6800000|100%| O|  |TAMS 0x00000000a6800000, 0x00000000a6700000| Untracked 
|  38|0x00000000a6800000, 0x00000000a6900000, 0x00000000a6900000|100%| O|  |TAMS 0x00000000a6900000, 0x00000000a6800000| Untracked 
|  39|0x00000000a6900000, 0x00000000a6a00000, 0x00000000a6a00000|100%| O|  |TAMS 0x00000000a6a00000, 0x00000000a6900000| Untracked 
|  40|0x00000000a6a00000, 0x00000000a6b00000, 0x00000000a6b00000|100%| O|  |TAMS 0x00000000a6b00000, 0x00000000a6a00000| Untracked 
|  41|0x00000000a6b00000, 0x00000000a6c00000, 0x00000000a6c00000|100%| O|  |TAMS 0x00000000a6c00000, 0x00000000a6b00000| Untracked 
|  42|0x00000000a6c00000, 0x00000000a6d00000, 0x00000000a6d00000|100%| O|  |TAMS 0x00000000a6d00000, 0x00000000a6c00000| Untracked 
|  43|0x00000000a6d00000, 0x00000000a6e00000, 0x00000000a6e00000|100%| O|  |TAMS 0x00000000a6e00000, 0x00000000a6d00000| Untracked 
|  44|0x00000000a6e00000, 0x00000000a6f00000, 0x00000000a6f00000|100%| O|  |TAMS 0x00000000a6f00000, 0x00000000a6e00000| Untracked 
|  45|0x00000000a6f00000, 0x00000000a7000000, 0x00000000a7000000|100%| O|  |TAMS 0x00000000a7000000, 0x00000000a6f00000| Untracked 
|  46|0x00000000a7000000, 0x00000000a7100000, 0x00000000a7100000|100%| O|  |TAMS 0x00000000a7100000, 0x00000000a7000000| Untracked 
|  47|0x00000000a7100000, 0x00000000a7200000, 0x00000000a7200000|100%| O|  |TAMS 0x00000000a71d4e00, 0x00000000a7100000| Untracked 
|  48|0x00000000a7200000, 0x00000000a7300000, 0x00000000a7300000|100%| O|  |TAMS 0x00000000a7200000, 0x00000000a7200000| Untracked 
|  49|0x00000000a7300000, 0x00000000a7400000, 0x00000000a7400000|100%| O|  |TAMS 0x00000000a7300000, 0x00000000a7300000| Untracked 
|  50|0x00000000a7400000, 0x00000000a7500000, 0x00000000a7500000|100%| O|  |TAMS 0x00000000a7400000, 0x00000000a7400000| Untracked 
|  51|0x00000000a7500000, 0x00000000a7600000, 0x00000000a7600000|100%| O|  |TAMS 0x00000000a7500000, 0x00000000a7500000| Untracked 
|  52|0x00000000a7600000, 0x00000000a76c0600, 0x00000000a7700000| 75%| O|  |TAMS 0x00000000a7600000, 0x00000000a7600000| Untracked 
|  53|0x00000000a7700000, 0x00000000a7700000, 0x00000000a7800000|  0%| F|  |TAMS 0x00000000a7700000, 0x00000000a7700000| Untracked 
|  54|0x00000000a7800000, 0x00000000a7800000, 0x00000000a7900000|  0%| F|  |TAMS 0x00000000a7800000, 0x00000000a7800000| Untracked 
|  55|0x00000000a7900000, 0x00000000a7900000, 0x00000000a7a00000|  0%| F|  |TAMS 0x00000000a7900000, 0x00000000a7900000| Untracked 
|  56|0x00000000a7a00000, 0x00000000a7a00000, 0x00000000a7b00000|  0%| F|  |TAMS 0x00000000a7a00000, 0x00000000a7a00000| Untracked 
|  57|0x00000000a7b00000, 0x00000000a7b00000, 0x00000000a7c00000|  0%| F|  |TAMS 0x00000000a7b00000, 0x00000000a7b00000| Untracked 
|  58|0x00000000a7c00000, 0x00000000a7c00000, 0x00000000a7d00000|  0%| F|  |TAMS 0x00000000a7c00000, 0x00000000a7c00000| Untracked 
|  59|0x00000000a7d00000, 0x00000000a7d00000, 0x00000000a7e00000|  0%| F|  |TAMS 0x00000000a7d00000, 0x00000000a7d00000| Untracked 
|  60|0x00000000a7e00000, 0x00000000a7e00000, 0x00000000a7f00000|  0%| F|  |TAMS 0x00000000a7e00000, 0x00000000a7e00000| Untracked 
|  61|0x00000000a7f00000, 0x00000000a7f00000, 0x00000000a8000000|  0%| F|  |TAMS 0x00000000a7f00000, 0x00000000a7f00000| Untracked 
|  62|0x00000000a8000000, 0x00000000a8000000, 0x00000000a8100000|  0%| F|  |TAMS 0x00000000a8000000, 0x00000000a8000000| Untracked 
|  63|0x00000000a8100000, 0x00000000a8100000, 0x00000000a8200000|  0%| F|  |TAMS 0x00000000a8100000, 0x00000000a8100000| Untracked 
|  64|0x00000000a8200000, 0x00000000a8200000, 0x00000000a8300000|  0%| F|  |TAMS 0x00000000a8200000, 0x00000000a8200000| Untracked 
|  65|0x00000000a8300000, 0x00000000a8300000, 0x00000000a8400000|  0%| F|  |TAMS 0x00000000a8300000, 0x00000000a8300000| Untracked 
|  66|0x00000000a8400000, 0x00000000a8400000, 0x00000000a8500000|  0%| F|  |TAMS 0x00000000a8400000, 0x00000000a8400000| Untracked 
|  67|0x00000000a8500000, 0x00000000a8500000, 0x00000000a8600000|  0%| F|  |TAMS 0x00000000a8500000, 0x00000000a8500000| Untracked 
|  68|0x00000000a8600000, 0x00000000a8600000, 0x00000000a8700000|  0%| F|  |TAMS 0x00000000a8600000, 0x00000000a8600000| Untracked 
|  69|0x00000000a8700000, 0x00000000a8700000, 0x00000000a8800000|  0%| F|  |TAMS 0x00000000a8700000, 0x00000000a8700000| Untracked 
|  70|0x00000000a8800000, 0x00000000a8800000, 0x00000000a8900000|  0%| F|  |TAMS 0x00000000a8800000, 0x00000000a8800000| Untracked 
|  71|0x00000000a8900000, 0x00000000a8900000, 0x00000000a8a00000|  0%| F|  |TAMS 0x00000000a8900000, 0x00000000a8900000| Untracked 
|  72|0x00000000a8a00000, 0x00000000a8a00000, 0x00000000a8b00000|  0%| F|  |TAMS 0x00000000a8a00000, 0x00000000a8a00000| Untracked 
|  73|0x00000000a8b00000, 0x00000000a8b00000, 0x00000000a8c00000|  0%| F|  |TAMS 0x00000000a8b00000, 0x00000000a8b00000| Untracked 
|  74|0x00000000a8c00000, 0x00000000a8c00000, 0x00000000a8d00000|  0%| F|  |TAMS 0x00000000a8c00000, 0x00000000a8c00000| Untracked 
|  75|0x00000000a8d00000, 0x00000000a8d00000, 0x00000000a8e00000|  0%| F|  |TAMS 0x00000000a8d00000, 0x00000000a8d00000| Untracked 
|  76|0x00000000a8e00000, 0x00000000a8e00000, 0x00000000a8f00000|  0%| F|  |TAMS 0x00000000a8e00000, 0x00000000a8e00000| Untracked 
|  77|0x00000000a8f00000, 0x00000000a8f00000, 0x00000000a9000000|  0%| F|  |TAMS 0x00000000a8f00000, 0x00000000a8f00000| Untracked 
|  78|0x00000000a9000000, 0x00000000a9000000, 0x00000000a9100000|  0%| F|  |TAMS 0x00000000a9000000, 0x00000000a9000000| Untracked 
|  79|0x00000000a9100000, 0x00000000a9100000, 0x00000000a9200000|  0%| F|  |TAMS 0x00000000a9100000, 0x00000000a9100000| Untracked 
|  80|0x00000000a9200000, 0x00000000a9200000, 0x00000000a9300000|  0%| F|  |TAMS 0x00000000a9200000, 0x00000000a9200000| Untracked 
|  81|0x00000000a9300000, 0x00000000a9300000, 0x00000000a9400000|  0%| F|  |TAMS 0x00000000a9300000, 0x00000000a9300000| Untracked 
|  82|0x00000000a9400000, 0x00000000a9400000, 0x00000000a9500000|  0%| F|  |TAMS 0x00000000a9400000, 0x00000000a9400000| Untracked 
|  83|0x00000000a9500000, 0x00000000a9500000, 0x00000000a9600000|  0%| F|  |TAMS 0x00000000a9500000, 0x00000000a9500000| Untracked 
|  84|0x00000000a9600000, 0x00000000a9600000, 0x00000000a9700000|  0%| F|  |TAMS 0x00000000a9600000, 0x00000000a9600000| Untracked 
|  85|0x00000000a9700000, 0x00000000a9700000, 0x00000000a9800000|  0%| F|  |TAMS 0x00000000a9700000, 0x00000000a9700000| Untracked 
|  86|0x00000000a9800000, 0x00000000a98797b0, 0x00000000a9900000| 47%| E|  |TAMS 0x00000000a9800000, 0x00000000a9800000| Complete 
|  87|0x00000000a9900000, 0x00000000a9a00000, 0x00000000a9a00000|100%| E|CS|TAMS 0x00000000a9900000, 0x00000000a9900000| Complete 
|  88|0x00000000a9a00000, 0x00000000a9b00000, 0x00000000a9b00000|100%| E|CS|TAMS 0x00000000a9a00000, 0x00000000a9a00000| Complete 
|  89|0x00000000a9b00000, 0x00000000a9c00000, 0x00000000a9c00000|100%| E|CS|TAMS 0x00000000a9b00000, 0x00000000a9b00000| Complete 
|  90|0x00000000a9c00000, 0x00000000a9d00000, 0x00000000a9d00000|100%| E|CS|TAMS 0x00000000a9c00000, 0x00000000a9c00000| Complete 
|  91|0x00000000a9d00000, 0x00000000a9e00000, 0x00000000a9e00000|100%| E|CS|TAMS 0x00000000a9d00000, 0x00000000a9d00000| Complete 
|  92|0x00000000a9e00000, 0x00000000a9f00000, 0x00000000a9f00000|100%| E|CS|TAMS 0x00000000a9e00000, 0x00000000a9e00000| Complete 
|  93|0x00000000a9f00000, 0x00000000aa000000, 0x00000000aa000000|100%| E|CS|TAMS 0x00000000a9f00000, 0x00000000a9f00000| Complete 
|  94|0x00000000aa000000, 0x00000000aa07c370, 0x00000000aa100000| 48%| S|CS|TAMS 0x00000000aa000000, 0x00000000aa000000| Complete 
|  95|0x00000000aa100000, 0x00000000aa200000, 0x00000000aa200000|100%| E|CS|TAMS 0x00000000aa100000, 0x00000000aa100000| Complete 
|1468|0x00000000ffe00000, 0x00000000fff00000, 0x00000000fff00000|100%| O|  |TAMS 0x00000000fff00000, 0x00000000ffe00000| Untracked 
|1469|0x00000000fff00000, 0x0000000100000000, 0x0000000100000000|100%| O|  |TAMS 0x0000000100000000, 0x00000000fff00000| Untracked 

Card table byte_map: [0x0000027128cc0000,0x0000027128fa0000] _byte_map_base: 0x000002712879f000

Marking Bits (Prev, Next): (CMBitMap*) 0x000002711622f920, (CMBitMap*) 0x000002711622f960
 Prev Bits: [0x0000027129280000, 0x000002712a978000)
 Next Bits: [0x000002712a980000, 0x000002712c078000)

Polling page: 0x0000027114100000

Metaspace:

Usage:
  Non-class:     48.90 MB used.
      Class:      6.11 MB used.
       Both:     55.01 MB used.

Virtual space:
  Non-class space:       64.00 MB reserved,      49.06 MB ( 77%) committed,  1 nodes.
      Class space:        1.00 GB reserved,       6.25 MB ( <1%) committed,  1 nodes.
             Both:        1.06 GB reserved,      55.31 MB (  5%) committed. 

Chunk freelists:
   Non-Class:  14.34 MB
       Class:  9.73 MB
        Both:  24.08 MB

MaxMetaspaceSize: unlimited
CompressedClassSpaceSize: 1.00 GB
Initial GC threshold: 21.00 MB
Current GC threshold: 90.56 MB
CDS: off
MetaspaceReclaimPolicy: balanced
 - commit_granule_bytes: 65536.
 - commit_granule_words: 8192.
 - virtual_space_node_default_size: 8388608.
 - enlarge_chunks_in_place: 1.
 - new_chunks_are_fully_committed: 0.
 - uncommit_free_chunks: 1.
 - use_allocation_guard: 0.
 - handle_deallocations: 1.


Internal statistics:

num_allocs_failed_limit: 6.
num_arena_births: 252.
num_arena_deaths: 0.
num_vsnodes_births: 2.
num_vsnodes_deaths: 0.
num_space_committed: 883.
num_space_uncommitted: 0.
num_chunks_returned_to_freelist: 6.
num_chunks_taken_from_freelist: 2067.
num_chunk_merges: 6.
num_chunk_splits: 1605.
num_chunks_enlarged: 1388.
num_inconsistent_stats: 0.

CodeHeap 'non-profiled nmethods': size=120000Kb used=3956Kb max_used=3960Kb free=116043Kb
 bounds [0x0000027121180000, 0x0000027121580000, 0x00000271286b0000]
CodeHeap 'profiled nmethods': size=120000Kb used=25427Kb max_used=26256Kb free=94572Kb
 bounds [0x00000271196b0000, 0x000002711b080000, 0x0000027120be0000]
CodeHeap 'non-nmethods': size=5760Kb used=1294Kb max_used=1386Kb free=4465Kb
 bounds [0x0000027120be0000, 0x0000027120e50000, 0x0000027121180000]
 total_blobs=8675 nmethods=8073 adapters=512
 compilation: enabled
              stopped_count=0, restarted_count=0
 full_count=0

Compilation events (20 events):
Event: 11.069 Thread 0x0000027133027b30 9475       3       org.jetbrains.kotlin.psi.psiUtil.KtPsiUtilKt::isContractDescriptionCallPsiCheck (66 bytes)
Event: 11.071 Thread 0x0000027133027b30 nmethod 9475 0x000002711a6a8890 code [0x000002711a6a8bc0, 0x000002711a6aa278]
Event: 11.071 Thread 0x0000027133027b30 9476       3       org.jetbrains.kotlin.types.AbstractTypeApproximator::isStarProjection (18 bytes)
Event: 11.071 Thread 0x0000027133027b30 nmethod 9476 0x0000027119b0f990 code [0x0000027119b0fba0, 0x0000027119b10208]
Event: 11.071 Thread 0x0000027133027b30 9477       3       kotlin.sequences.FilteringSequence$iterator$1::hasNext (26 bytes)
Event: 11.071 Thread 0x0000027133027b30 nmethod 9477 0x000002711a661e90 code [0x000002711a662040, 0x000002711a662228]
Event: 11.073 Thread 0x0000027133027b30 9478       3       org.jetbrains.kotlin.builtins.KotlinBuiltIns::isAny (17 bytes)
Event: 11.074 Thread 0x0000027133027b30 nmethod 9478 0x0000027119ef4f10 code [0x0000027119ef50c0, 0x0000027119ef5258]
Event: 11.074 Thread 0x0000027133027b30 9479       3       org.jetbrains.kotlin.builtins.jvm.JvmBuiltInsCustomizer::getJavaAnalogue (97 bytes)
Event: 11.075 Thread 0x0000027133027b30 nmethod 9479 0x000002711a72a390 code [0x000002711a72a840, 0x000002711a72c798]
Event: 11.077 Thread 0x0000027133027b30 9480       3       org.jetbrains.kotlin.resolve.calls.util.CallUtilKt::getValueArgumentForExpression$isParenthesizedExpression (65 bytes)
Event: 11.077 Thread 0x0000027133027b30 nmethod 9480 0x0000027119ba2510 code [0x0000027119ba2720, 0x0000027119ba2e68]
Event: 11.084 Thread 0x0000027133027b30 9481       3       org.jetbrains.kotlin.resolve.scopes.GivenFunctionsMemberScope::getAllDescriptors (17 bytes)
Event: 11.085 Thread 0x0000027133027b30 nmethod 9481 0x000002711aad7e90 code [0x000002711aad8140, 0x000002711aad8da8]
Event: 11.088 Thread 0x0000027133027b30 9482       3       org.jetbrains.kotlin.contracts.EffectsExtractingVisitor::toComputation (88 bytes)
Event: 11.089 Thread 0x0000027133027b30 nmethod 9482 0x000002711a2df490 code [0x000002711a2df880, 0x000002711a2e1358]
Event: 11.092 Thread 0x0000027133027b30 9483       3       org.jetbrains.kotlin.resolve.calls.util.FakeCallableDescriptorForObject::<init> (78 bytes)
Event: 11.093 Thread 0x0000027133027b30 nmethod 9483 0x000002711a27eb90 code [0x000002711a27ef80, 0x000002711a280928]
Event: 11.093 Thread 0x0000027133027b30 9484       3       java.util.ArrayList::listIterator (15 bytes)
Event: 11.093 Thread 0x0000027133027b30 nmethod 9484 0x0000027119b59310 code [0x0000027119b59500, 0x0000027119b59a38]

GC Heap History (20 events):
Event: 4.512 GC heap before
{Heap before GC invocations=12 (full 0):
 garbage-first heap   total 68608K, used 51808K [0x00000000a4200000, 0x0000000100000000)
  region size 1024K, 26 young (26624K), 1 survivors (1024K)
 Metaspace       used 45203K, committed 45440K, reserved 1114112K
  class space    used 5385K, committed 5504K, reserved 1048576K
}
Event: 4.519 GC heap after
{Heap after GC invocations=13 (full 0):
 garbage-first heap   total 82944K, used 30089K [0x00000000a4200000, 0x0000000100000000)
  region size 1024K, 4 young (4096K), 4 survivors (4096K)
 Metaspace       used 45203K, committed 45440K, reserved 1114112K
  class space    used 5385K, committed 5504K, reserved 1048576K
}
Event: 5.502 GC heap before
{Heap before GC invocations=13 (full 0):
 garbage-first heap   total 82944K, used 61833K [0x00000000a4200000, 0x0000000100000000)
  region size 1024K, 35 young (35840K), 4 survivors (4096K)
 Metaspace       used 48754K, committed 48960K, reserved 1114112K
  class space    used 5736K, committed 5824K, reserved 1048576K
}
Event: 5.516 GC heap after
{Heap after GC invocations=14 (full 0):
 garbage-first heap   total 82944K, used 35522K [0x00000000a4200000, 0x0000000100000000)
  region size 1024K, 5 young (5120K), 5 survivors (5120K)
 Metaspace       used 48754K, committed 48960K, reserved 1114112K
  class space    used 5736K, committed 5824K, reserved 1048576K
}
Event: 6.288 GC heap before
{Heap before GC invocations=14 (full 0):
 garbage-first heap   total 82944K, used 62146K [0x00000000a4200000, 0x0000000100000000)
  region size 1024K, 31 young (31744K), 5 survivors (5120K)
 Metaspace       used 49624K, committed 49856K, reserved 1114112K
  class space    used 5766K, committed 5888K, reserved 1048576K
}
Event: 6.304 GC heap after
{Heap after GC invocations=15 (full 0):
 garbage-first heap   total 82944K, used 40509K [0x00000000a4200000, 0x0000000100000000)
  region size 1024K, 4 young (4096K), 4 survivors (4096K)
 Metaspace       used 49624K, committed 49856K, reserved 1114112K
  class space    used 5766K, committed 5888K, reserved 1048576K
}
Event: 6.924 GC heap before
{Heap before GC invocations=15 (full 0):
 garbage-first heap   total 82944K, used 63037K [0x00000000a4200000, 0x0000000100000000)
  region size 1024K, 26 young (26624K), 4 survivors (4096K)
 Metaspace       used 51885K, committed 52096K, reserved 1114112K
  class space    used 6047K, committed 6144K, reserved 1048576K
}
Event: 6.941 GC heap after
{Heap after GC invocations=16 (full 0):
 garbage-first heap   total 82944K, used 43813K [0x00000000a4200000, 0x0000000100000000)
  region size 1024K, 3 young (3072K), 3 survivors (3072K)
 Metaspace       used 51885K, committed 52096K, reserved 1114112K
  class space    used 6047K, committed 6144K, reserved 1048576K
}
Event: 7.600 GC heap before
{Heap before GC invocations=16 (full 0):
 garbage-first heap   total 82944K, used 64293K [0x00000000a4200000, 0x0000000100000000)
  region size 1024K, 23 young (23552K), 3 survivors (3072K)
 Metaspace       used 52904K, committed 53120K, reserved 1114112K
  class space    used 6120K, committed 6208K, reserved 1048576K
}
Event: 7.612 GC heap after
{Heap after GC invocations=17 (full 0):
 garbage-first heap   total 100352K, used 46942K [0x00000000a4200000, 0x0000000100000000)
  region size 1024K, 3 young (3072K), 3 survivors (3072K)
 Metaspace       used 52904K, committed 53120K, reserved 1114112K
  class space    used 6120K, committed 6208K, reserved 1048576K
}
Event: 8.684 GC heap before
{Heap before GC invocations=18 (full 0):
 garbage-first heap   total 100352K, used 76638K [0x00000000a4200000, 0x0000000100000000)
  region size 1024K, 32 young (32768K), 3 survivors (3072K)
 Metaspace       used 54329K, committed 54528K, reserved 1114112K
  class space    used 6175K, committed 6272K, reserved 1048576K
}
Event: 8.698 GC heap after
{Heap after GC invocations=19 (full 0):
 garbage-first heap   total 100352K, used 51058K [0x00000000a4200000, 0x0000000100000000)
  region size 1024K, 4 young (4096K), 4 survivors (4096K)
 Metaspace       used 54329K, committed 54528K, reserved 1114112K
  class space    used 6175K, committed 6272K, reserved 1048576K
}
Event: 8.771 GC heap before
{Heap before GC invocations=19 (full 0):
 garbage-first heap   total 100352K, used 52082K [0x00000000a4200000, 0x0000000100000000)
  region size 1024K, 5 young (5120K), 4 survivors (4096K)
 Metaspace       used 54433K, committed 54656K, reserved 1114112K
  class space    used 6177K, committed 6272K, reserved 1048576K
}
Event: 8.777 GC heap after
{Heap after GC invocations=20 (full 0):
 garbage-first heap   total 100352K, used 50702K [0x00000000a4200000, 0x0000000100000000)
  region size 1024K, 1 young (1024K), 1 survivors (1024K)
 Metaspace       used 54433K, committed 54656K, reserved 1114112K
  class space    used 6177K, committed 6272K, reserved 1048576K
}
Event: 9.798 GC heap before
{Heap before GC invocations=20 (full 0):
 garbage-first heap   total 100352K, used 78350K [0x00000000a4200000, 0x0000000100000000)
  region size 1024K, 28 young (28672K), 1 survivors (1024K)
 Metaspace       used 55306K, committed 55552K, reserved 1114112K
  class space    used 6203K, committed 6336K, reserved 1048576K
}
Event: 9.807 GC heap after
{Heap after GC invocations=21 (full 0):
 garbage-first heap   total 100352K, used 53271K [0x00000000a4200000, 0x0000000100000000)
  region size 1024K, 4 young (4096K), 4 survivors (4096K)
 Metaspace       used 55306K, committed 55552K, reserved 1114112K
  class space    used 6203K, committed 6336K, reserved 1048576K
}
Event: 10.802 GC heap before
{Heap before GC invocations=22 (full 0):
 garbage-first heap   total 100352K, used 77847K [0x00000000a4200000, 0x0000000100000000)
  region size 1024K, 29 young (29696K), 4 survivors (4096K)
 Metaspace       used 56076K, committed 56320K, reserved 1114112K
  class space    used 6239K, committed 6336K, reserved 1048576K
}
Event: 10.811 GC heap after
{Heap after GC invocations=23 (full 0):
 garbage-first heap   total 100352K, used 55822K [0x00000000a4200000, 0x0000000100000000)
  region size 1024K, 3 young (3072K), 3 survivors (3072K)
 Metaspace       used 56076K, committed 56320K, reserved 1114112K
  class space    used 6239K, committed 6336K, reserved 1048576K
}
Event: 10.869 GC heap before
{Heap before GC invocations=23 (full 0):
 garbage-first heap   total 100352K, used 56846K [0x00000000a4200000, 0x0000000100000000)
  region size 1024K, 4 young (4096K), 3 survivors (3072K)
 Metaspace       used 56141K, committed 56448K, reserved 1114112K
  class space    used 6241K, committed 6400K, reserved 1048576K
}
Event: 10.877 GC heap after
{Heap after GC invocations=24 (full 0):
 garbage-first heap   total 100352K, used 55538K [0x00000000a4200000, 0x0000000100000000)
  region size 1024K, 1 young (1024K), 1 survivors (1024K)
 Metaspace       used 56141K, committed 56448K, reserved 1114112K
  class space    used 6241K, committed 6400K, reserved 1048576K
}

Dll operation events (2 events):
Event: 0.014 Loaded shared library C:\Program Files\Android\Android Studio1\jbr\bin\java.dll
Event: 1.172 Loaded shared library C:\Program Files\Android\Android Studio1\jbr\bin\verify.dll

Deoptimization events (20 events):
Event: 10.978 Thread 0x00000271161e2f20 Uncommon trap: trap_request=0xffffffde fr.pc=0x00000271215081e8 relative=0x0000000000000488
Event: 10.978 Thread 0x00000271161e2f20 Uncommon trap: reason=class_check action=maybe_recompile pc=0x00000271215081e8 method=org.jetbrains.kotlin.descriptors.annotations.AnnotationDescriptor$DefaultImpls.getFqName(Lorg/jetbrains/kotlin/descriptors/annotations/AnnotationDescriptor;)Lorg/jetbrai
Event: 10.978 Thread 0x00000271161e2f20 DEOPT PACKING pc=0x00000271215081e8 sp=0x000000a54abfaa90
Event: 10.978 Thread 0x00000271161e2f20 DEOPT UNPACKING pc=0x0000027120c369a3 sp=0x000000a54abfaa38 mode 2
Event: 11.004 Thread 0x00000271161e2f20 Uncommon trap: trap_request=0xffffffde fr.pc=0x0000027121393a7c relative=0x0000000000005ffc
Event: 11.004 Thread 0x00000271161e2f20 Uncommon trap: reason=class_check action=maybe_recompile pc=0x0000027121393a7c method=org.jetbrains.kotlin.com.intellij.psi.impl.source.CharTableImpl$StringHashToCharSequencesMap.getSubSequenceWithHashCode(ILjava/lang/CharSequence;II)Ljava/lang/CharSequen
Event: 11.004 Thread 0x00000271161e2f20 DEOPT PACKING pc=0x0000027121393a7c sp=0x000000a54abf54e0
Event: 11.004 Thread 0x00000271161e2f20 DEOPT UNPACKING pc=0x0000027120c369a3 sp=0x000000a54abf5208 mode 2
Event: 11.004 Thread 0x00000271161e2f20 Uncommon trap: trap_request=0xffffff45 fr.pc=0x000002712136af04 relative=0x0000000000000424
Event: 11.004 Thread 0x00000271161e2f20 Uncommon trap: reason=unstable_if action=reinterpret pc=0x000002712136af04 method=org.jetbrains.kotlin.com.intellij.psi.impl.source.CharTableImpl$StringHashToCharSequencesMap.charSequenceSubSequenceEquals(Ljava/lang/CharSequence;Ljava/lang/CharSequence;II
Event: 11.004 Thread 0x00000271161e2f20 DEOPT PACKING pc=0x000002712136af04 sp=0x000000a54abf5190
Event: 11.004 Thread 0x00000271161e2f20 DEOPT UNPACKING pc=0x0000027120c369a3 sp=0x000000a54abf5168 mode 2
Event: 11.004 Thread 0x00000271161e2f20 Uncommon trap: trap_request=0xffffffde fr.pc=0x0000027121393a7c relative=0x0000000000005ffc
Event: 11.004 Thread 0x00000271161e2f20 Uncommon trap: reason=class_check action=maybe_recompile pc=0x0000027121393a7c method=org.jetbrains.kotlin.com.intellij.psi.impl.source.CharTableImpl$StringHashToCharSequencesMap.getSubSequenceWithHashCode(ILjava/lang/CharSequence;II)Ljava/lang/CharSequen
Event: 11.004 Thread 0x00000271161e2f20 DEOPT PACKING pc=0x0000027121393a7c sp=0x000000a54abf54e0
Event: 11.004 Thread 0x00000271161e2f20 DEOPT UNPACKING pc=0x0000027120c369a3 sp=0x000000a54abf5208 mode 2
Event: 11.048 Thread 0x00000271161e2f20 Uncommon trap: trap_request=0xffffff45 fr.pc=0x00000271213c11e8 relative=0x00000000000001c8
Event: 11.048 Thread 0x00000271161e2f20 Uncommon trap: reason=unstable_if action=reinterpret pc=0x00000271213c11e8 method=kotlin.sequences.FilteringSequence$iterator$1.hasNext()Z @ 5 c2
Event: 11.048 Thread 0x00000271161e2f20 DEOPT PACKING pc=0x00000271213c11e8 sp=0x000000a54abf02f0
Event: 11.048 Thread 0x00000271161e2f20 DEOPT UNPACKING pc=0x0000027120c369a3 sp=0x000000a54abf02b0 mode 2

Classes unloaded (0 events):
No events

Classes redefined (0 events):
No events

Internal exceptions (20 events):
Event: 3.328 Thread 0x00000271161e2f20 Exception <a 'java/lang/NoSuchMethodError'{0x00000000a78fd9a0}: 'java.lang.Object java.lang.invoke.DirectMethodHandle$Holder.invokeSpecial(java.lang.Object, java.lang.Object, java.lang.Object, java.lang.Object, int)'> (0x00000000a78fd9a0) 
thrown [s\src\hotspot\share\interpreter\linkResolver.cpp, line 771]
Event: 3.329 Thread 0x00000271161e2f20 Exception <a 'java/lang/NoSuchMethodError'{0x00000000a7701dc8}: 'java.lang.Object java.lang.invoke.Invokers$Holder.linkToTargetMethod(java.lang.Object, java.lang.Object, int, java.lang.Object)'> (0x00000000a7701dc8) 
thrown [s\src\hotspot\share\interpreter\linkResolver.cpp, line 771]
Event: 4.135 Thread 0x00000271161e2f20 Exception <a 'java/lang/NoSuchMethodError'{0x00000000a87d6b78}: 'java.lang.Object java.lang.invoke.DirectMethodHandle$Holder.newInvokeSpecial(java.lang.Object, java.lang.Object, java.lang.Object, java.lang.Object, java.lang.Object)'> (0x00000000a87d6b78) 
thrown [s\src\hotspot\share\interpreter\linkResolver.cpp, line 771]
Event: 4.280 Thread 0x00000271161e2f20 Exception <a 'java/lang/NoSuchMethodError'{0x00000000a7bead90}: 'java.lang.Object java.lang.invoke.DirectMethodHandle$Holder.newInvokeSpecial(java.lang.Object, java.lang.Object, java.lang.Object, java.lang.Object, java.lang.Object, java.lang.Object)'> (0x00000000a7bead90) 
thrown [s\src\hotspot\share\interpreter\linkResolver.cpp, line 771]
Event: 4.979 Thread 0x00000271161e2f20 Implicit null exception at 0x000002712131130f to 0x00000271213116b8
Event: 5.036 Thread 0x00000271161e2f20 Exception <a 'java/lang/NoSuchMethodError'{0x00000000a7ded470}: 'java.lang.Object java.lang.invoke.DirectMethodHandle$Holder.newInvokeSpecial(java.lang.Object, java.lang.Object, java.lang.Object, java.lang.Object, java.lang.Object, java.lang.Object, java.lang.Object, java.lang.Object)'> (0x00000000a7ded470) 
thrown [s\src\hotspot\share\interpreter\linkResolver.cpp, line 771]
Event: 5.037 Thread 0x00000271161e2f20 Exception <a 'java/lang/NoSuchMethodError'{0x00000000a7df2a88}: 'java.lang.Object java.lang.invoke.DirectMethodHandle$Holder.invokeSpecial(java.lang.Object, java.lang.Object, java.lang.Object, java.lang.Object, java.lang.Object, java.lang.Object, java.lang.Object, java.lang.Object, java.lang.Object)'> (0x00000000a7df2a88) 
thrown [s\src\hotspot\share\interpreter\linkResolver.cpp, line 771]
Event: 5.037 Thread 0x00000271161e2f20 Exception <a 'java/lang/NoSuchMethodError'{0x00000000a7df79b8}: 'java.lang.Object java.lang.invoke.Invokers$Holder.linkToTargetMethod(java.lang.Object, java.lang.Object, java.lang.Object, java.lang.Object, java.lang.Object, java.lang.Object, java.lang.Object, java.lang.Object)'> (0x00000000a7df79b8) 
thrown [s\src\hotspot\share\interpreter\linkResolver.cpp, line 771]
Event: 6.238 Thread 0x00000271161e2f20 Exception <a 'java/lang/NoSuchMethodError'{0x00000000a784f170}: 'java.lang.Object java.lang.invoke.DirectMethodHandle$Holder.newInvokeSpecial(java.lang.Object, int, java.lang.Object)'> (0x00000000a784f170) 
thrown [s\src\hotspot\share\interpreter\linkResolver.cpp, line 771]
Event: 6.239 Thread 0x00000271161e2f20 Exception <a 'java/lang/NoSuchMethodError'{0x00000000a78557c8}: 'int java.lang.invoke.DirectMethodHandle$Holder.invokeInterface(java.lang.Object, java.lang.Object)'> (0x00000000a78557c8) 
thrown [s\src\hotspot\share\interpreter\linkResolver.cpp, line 771]
Event: 6.256 Thread 0x00000271161e2f20 Implicit null exception at 0x00000271212bbc0c to 0x00000271212bbfd8
Event: 6.375 Thread 0x00000271161e2f20 Exception <a 'java/lang/NoSuchMethodError'{0x00000000a8db4f08}: 'int java.lang.invoke.DirectMethodHandle$Holder.invokeStaticInit(java.lang.Object, int)'> (0x00000000a8db4f08) 
thrown [s\src\hotspot\share\interpreter\linkResolver.cpp, line 771]
Event: 6.409 Thread 0x00000271161e2f20 Implicit null exception at 0x00000271213b113c to 0x00000271213b18f4
Event: 6.428 Thread 0x00000271161e2f20 Exception <a 'java/lang/NoSuchMethodError'{0x00000000a8cd6160}: 'java.lang.Object java.lang.invoke.DirectMethodHandle$Holder.newInvokeSpecial(java.lang.Object, int, java.lang.Object, java.lang.Object)'> (0x00000000a8cd6160) 
thrown [s\src\hotspot\share\interpreter\linkResolver.cpp, line 771]
Event: 6.789 Thread 0x00000271161e2f20 Exception <a 'java/lang/NoSuchMethodError'{0x00000000a7e74640}: 'java.lang.Object java.lang.invoke.DirectMethodHandle$Holder.invokeInterface(java.lang.Object, java.lang.Object, java.lang.Object)'> (0x00000000a7e74640) 
thrown [s\src\hotspot\share\interpreter\linkResolver.cpp, line 771]
Event: 6.789 Thread 0x00000271161e2f20 Exception <a 'java/lang/IncompatibleClassChangeError'{0x00000000a7e77fb0}: Found class java.lang.Object, but interface was expected> (0x00000000a7e77fb0) 
thrown [s\src\hotspot\share\interpreter\linkResolver.cpp, line 838]
Event: 8.638 Thread 0x00000271161e2f20 Exception <a 'java/lang/NoSuchMethodError'{0x00000000a85070c0}: 'java.lang.Object java.lang.invoke.DirectMethodHandle$Holder.newInvokeSpecial(java.lang.Object, java.lang.Object, java.lang.Object, java.lang.Object, java.lang.Object, java.lang.Object, java.lang.Object)'> (0x00000000a85070c0) 
thrown [s\src\hotspot\share\interpreter\linkResolver.cpp, line 771]
Event: 8.638 Thread 0x00000271161e2f20 Exception <a 'java/lang/NoSuchMethodError'{0x00000000a850bc78}: 'java.lang.Object java.lang.invoke.Invokers$Holder.linkToTargetMethod(java.lang.Object, java.lang.Object, java.lang.Object, java.lang.Object, java.lang.Object, java.lang.Object, java.lang.Object)'> (0x00000000a850bc78) 
thrown [s\src\hotspot\share\interpreter\linkResolver.cpp, line 771]
Event: 9.415 Thread 0x00000271161e2f20 Implicit null exception at 0x000002712145de2f to 0x000002712145ded8
Event: 9.641 Thread 0x00000271161e2f20 Implicit null exception at 0x00000271213db975 to 0x00000271213dc0c0

VM Operations (20 events):
Event: 10.393 Executing VM operation: HandshakeAllThreads
Event: 10.393 Executing VM operation: HandshakeAllThreads done
Event: 10.402 Executing VM operation: ICBufferFull
Event: 10.402 Executing VM operation: ICBufferFull done
Event: 10.474 Executing VM operation: HandshakeAllThreads
Event: 10.474 Executing VM operation: HandshakeAllThreads done
Event: 10.491 Executing VM operation: ICBufferFull
Event: 10.491 Executing VM operation: ICBufferFull done
Event: 10.595 Executing VM operation: HandshakeAllThreads
Event: 10.596 Executing VM operation: HandshakeAllThreads done
Event: 10.681 Executing VM operation: HandshakeAllThreads
Event: 10.681 Executing VM operation: HandshakeAllThreads done
Event: 10.738 Executing VM operation: ICBufferFull
Event: 10.738 Executing VM operation: ICBufferFull done
Event: 10.802 Executing VM operation: G1CollectForAllocation
Event: 10.811 Executing VM operation: G1CollectForAllocation done
Event: 10.869 Executing VM operation: G1CollectForAllocation
Event: 10.877 Executing VM operation: G1CollectForAllocation done
Event: 11.039 Executing VM operation: ICBufferFull
Event: 11.039 Executing VM operation: ICBufferFull done

Events (20 events):
Event: 10.614 Thread 0x0000027133028440 flushing nmethod 0x000002711acb2510
Event: 10.615 Thread 0x0000027133028440 flushing nmethod 0x000002711ad59190
Event: 10.615 Thread 0x0000027133028440 flushing nmethod 0x000002711ad69f10
Event: 10.615 Thread 0x0000027133028440 flushing nmethod 0x000002711ad7e490
Event: 10.615 Thread 0x0000027133028440 flushing nmethod 0x000002711ad9de10
Event: 10.615 Thread 0x0000027133028440 flushing nmethod 0x000002711ada3f90
Event: 10.615 Thread 0x0000027133028440 flushing nmethod 0x000002711ada8d10
Event: 10.615 Thread 0x0000027133028440 flushing nmethod 0x000002711adaba90
Event: 10.615 Thread 0x0000027133028440 flushing nmethod 0x000002711adaf710
Event: 10.615 Thread 0x0000027133028440 flushing nmethod 0x000002711ae03110
Event: 10.615 Thread 0x0000027133028440 flushing nmethod 0x000002711ae09c90
Event: 10.615 Thread 0x0000027133028440 flushing nmethod 0x000002711ae0be90
Event: 10.615 Thread 0x0000027133028440 flushing nmethod 0x000002711ae0dd10
Event: 10.615 Thread 0x0000027133028440 flushing nmethod 0x000002711ae36290
Event: 10.616 Thread 0x0000027133028440 flushing nmethod 0x000002711aedea90
Event: 10.616 Thread 0x0000027133028440 flushing nmethod 0x000002711aee1b90
Event: 10.616 Thread 0x0000027133028440 flushing nmethod 0x000002711aee4c90
Event: 10.616 Thread 0x0000027133028440 flushing nmethod 0x000002711af1ff10
Event: 10.882 loading class java/util/function/ToIntFunction
Event: 10.882 loading class java/util/function/ToIntFunction done


Dynamic libraries:
0x00007ff603860000 - 0x00007ff60386a000 	C:\Program Files\Android\Android Studio1\jbr\bin\java.exe
0x00007ffa2b090000 - 0x00007ffa2b2a7000 	C:\WINDOWS\SYSTEM32\ntdll.dll
0x00007ffa22580000 - 0x00007ffa2259a000 	C:\Program Files\Avast Software\Avast\aswhook.dll
0x00007ffa29a00000 - 0x00007ffa29ac4000 	C:\WINDOWS\System32\KERNEL32.DLL
0x00007ffa283b0000 - 0x00007ffa2875d000 	C:\WINDOWS\System32\KERNELBASE.dll
0x00007ffa28c00000 - 0x00007ffa28d11000 	C:\WINDOWS\System32\ucrtbase.dll
0x00007ffa06120000 - 0x00007ffa0613b000 	C:\Program Files\Android\Android Studio1\jbr\bin\VCRUNTIME140.dll
0x00007ffa069a0000 - 0x00007ffa069b7000 	C:\Program Files\Android\Android Studio1\jbr\bin\jli.dll
0x00007ffa2aea0000 - 0x00007ffa2b04e000 	C:\WINDOWS\System32\USER32.dll
0x00007ffa03f20000 - 0x00007ffa041b3000 	C:\WINDOWS\WinSxS\amd64_microsoft.windows.common-controls_6595b64144ccf1df_6.0.22621.3672_none_2713b9d173822955\COMCTL32.dll
0x00007ffa28a80000 - 0x00007ffa28aa6000 	C:\WINDOWS\System32\win32u.dll
0x00007ffa293a0000 - 0x00007ffa293c9000 	C:\WINDOWS\System32\GDI32.dll
0x00007ffa29830000 - 0x00007ffa298d7000 	C:\WINDOWS\System32\msvcrt.dll
0x00007ffa28ae0000 - 0x00007ffa28bf9000 	C:\WINDOWS\System32\gdi32full.dll
0x00007ffa28d20000 - 0x00007ffa28dba000 	C:\WINDOWS\System32\msvcp_win.dll
0x00007ffa295d0000 - 0x00007ffa29601000 	C:\WINDOWS\System32\IMM32.DLL
0x00007ffa17350000 - 0x00007ffa1735c000 	C:\Program Files\Android\Android Studio1\jbr\bin\vcruntime140_1.dll
0x00007ffa03490000 - 0x00007ffa0351d000 	C:\Program Files\Android\Android Studio1\jbr\bin\msvcp140.dll
0x00007ff9b58c0000 - 0x00007ff9b6543000 	C:\Program Files\Android\Android Studio1\jbr\bin\server\jvm.dll
0x00007ffa2a4f0000 - 0x00007ffa2a5a2000 	C:\WINDOWS\System32\ADVAPI32.dll
0x00007ffa2a440000 - 0x00007ffa2a4e9000 	C:\WINDOWS\System32\sechost.dll
0x00007ffa28ab0000 - 0x00007ffa28ad8000 	C:\WINDOWS\System32\bcrypt.dll
0x00007ffa298e0000 - 0x00007ffa299f4000 	C:\WINDOWS\System32\RPCRT4.dll
0x00007ffa28280000 - 0x00007ffa282cd000 	C:\WINDOWS\SYSTEM32\POWRPROF.dll
0x00007ffa13060000 - 0x00007ffa13069000 	C:\WINDOWS\SYSTEM32\WSOCK32.dll
0x00007ffa29ee0000 - 0x00007ffa29f51000 	C:\WINDOWS\System32\WS2_32.dll
0x00007ffa238c0000 - 0x00007ffa238f4000 	C:\WINDOWS\SYSTEM32\WINMM.dll
0x00007ffa23880000 - 0x00007ffa2388a000 	C:\WINDOWS\SYSTEM32\VERSION.dll
0x00007ffa281b0000 - 0x00007ffa281c3000 	C:\WINDOWS\SYSTEM32\UMPDC.dll
0x00007ffa27400000 - 0x00007ffa27418000 	C:\WINDOWS\SYSTEM32\kernel.appcore.dll
0x00007ffa20bc0000 - 0x00007ffa20bca000 	C:\Program Files\Android\Android Studio1\jbr\bin\jimage.dll
0x00007ffa25db0000 - 0x00007ffa25fe2000 	C:\WINDOWS\SYSTEM32\DBGHELP.DLL
0x00007ffa29fd0000 - 0x00007ffa2a35e000 	C:\WINDOWS\System32\combase.dll
0x00007ffa2a360000 - 0x00007ffa2a437000 	C:\WINDOWS\System32\OLEAUT32.dll
0x00007ffa1e240000 - 0x00007ffa1e272000 	C:\WINDOWS\SYSTEM32\dbgcore.DLL
0x00007ffa28a00000 - 0x00007ffa28a7b000 	C:\WINDOWS\System32\bcryptPrimitives.dll
0x00007ffa17ff0000 - 0x00007ffa18015000 	C:\Program Files\Android\Android Studio1\jbr\bin\java.dll
0x00007ffa181c0000 - 0x00007ffa181d8000 	C:\Program Files\Android\Android Studio1\jbr\bin\zip.dll
0x00007ffa2a5b0000 - 0x00007ffa2ae17000 	C:\WINDOWS\System32\SHELL32.dll
0x00007ffa26330000 - 0x00007ffa26c2f000 	C:\WINDOWS\SYSTEM32\windows.storage.dll
0x00007ffa261f0000 - 0x00007ffa2632f000 	C:\WINDOWS\SYSTEM32\wintypes.dll
0x00007ffa294d0000 - 0x00007ffa295c9000 	C:\WINDOWS\System32\SHCORE.dll
0x00007ffa28e10000 - 0x00007ffa28e6e000 	C:\WINDOWS\System32\shlwapi.dll
0x00007ffa282e0000 - 0x00007ffa28307000 	C:\WINDOWS\SYSTEM32\profapi.dll
0x00007ffa180a0000 - 0x00007ffa180b9000 	C:\Program Files\Android\Android Studio1\jbr\bin\net.dll
0x00007ffa24ab0000 - 0x00007ffa24be6000 	C:\WINDOWS\SYSTEM32\WINHTTP.dll
0x00007ffa27870000 - 0x00007ffa278d9000 	C:\WINDOWS\system32\mswsock.dll
0x00007ffa17580000 - 0x00007ffa17596000 	C:\Program Files\Android\Android Studio1\jbr\bin\nio.dll
0x00007ffa17340000 - 0x00007ffa17350000 	C:\Program Files\Android\Android Studio1\jbr\bin\verify.dll

dbghelp: loaded successfully - version: 4.0.5 - missing functions: none
symbol engine: initialized successfully - sym options: 0x614 - pdb path: .;C:\Program Files\Android\Android Studio1\jbr\bin;C:\WINDOWS\SYSTEM32;C:\Program Files\Avast Software\Avast;C:\WINDOWS\WinSxS\amd64_microsoft.windows.common-controls_6595b64144ccf1df_6.0.22621.3672_none_2713b9d173822955;C:\Program Files\Android\Android Studio1\jbr\bin\server

VM Arguments:
java_command: org.jetbrains.kotlin.cli.jvm.K2JVMCompiler @D:\basic-android-kotlin-compose-training-inventory-app-main\app\build\20240923_2633569073351158909.compiler.options
java_class_path (initial): C:\Users\hesti\.gradle\caches\modules-2\files-2.1\org.jetbrains.kotlin\kotlin-compiler-embeddable\1.9.20\b44d2f7d8c1c67c0ed66d40e57e52623ca753db7\kotlin-compiler-embeddable-1.9.20.jar;C:\Users\hesti\.gradle\caches\modules-2\files-2.1\org.jetbrains.kotlin\kotlin-stdlib\1.9.20\e58b4816ac517e9cc5df1db051120c63d4cde669\kotlin-stdlib-1.9.20.jar;C:\Users\hesti\.gradle\caches\modules-2\files-2.1\org.jetbrains.kotlin\kotlin-script-runtime\1.9.20\6fdfef711b8e07f1a4d0979a60acd7bc8a800777\kotlin-script-runtime-1.9.20.jar;C:\Users\hesti\.gradle\caches\modules-2\files-2.1\org.jetbrains.kotlin\kotlin-reflect\1.6.10\1cbe9c92c12a94eea200d23c2bbaedaf3daf5132\kotlin-reflect-1.6.10.jar;C:\Users\hesti\.gradle\caches\modules-2\files-2.1\org.jetbrains.kotlin\kotlin-daemon-embeddable\1.9.20\a2a6b491bc53049e2f1af33245481db49034ba52\kotlin-daemon-embeddable-1.9.20.jar;C:\Users\hesti\.gradle\caches\modules-2\files-2.1\org.jetbrains.intellij.deps\trove4j\1.0.20200330\3afb14d5f9ceb459d724e907a21145e8ff394f02\trove4j-1.0.20200330.jar;C:\Users\hesti\.gradle\caches\modules-2\files-2.1\org.jetbrains\annotations\13.0\919f0dfe192fb4e063e7dacadee7f8bb9a2672a9\annotations-13.0.jar
Launcher Type: SUN_STANDARD

[Global flags]
     intx CICompilerCount                          = 4                                         {product} {ergonomic}
     uint ConcGCThreads                            = 2                                         {product} {ergonomic}
     uint G1ConcRefinementThreads                  = 8                                         {product} {ergonomic}
   size_t G1HeapRegionSize                         = 1048576                                   {product} {ergonomic}
    uintx GCDrainStackTargetSize                   = 64                                        {product} {ergonomic}
   size_t InitialHeapSize                          = 96468992                                  {product} {ergonomic}
   size_t MarkStackSize                            = 4194304                                   {product} {ergonomic}
   size_t MaxHeapSize                              = 1541406720                                {product} {ergonomic}
   size_t MaxNewSize                               = 924844032                                 {product} {ergonomic}
   size_t MinHeapDeltaBytes                        = 1048576                                   {product} {ergonomic}
   size_t MinHeapSize                              = 8388608                                   {product} {ergonomic}
    uintx NonNMethodCodeHeapSize                   = 5839372                                {pd product} {ergonomic}
    uintx NonProfiledCodeHeapSize                  = 122909434                              {pd product} {ergonomic}
    uintx ProfiledCodeHeapSize                     = 122909434                              {pd product} {ergonomic}
    uintx ReservedCodeCacheSize                    = 251658240                              {pd product} {ergonomic}
     bool SegmentedCodeCache                       = true                                      {product} {ergonomic}
   size_t SoftMaxHeapSize                          = 1541406720                             {manageable} {ergonomic}
     bool UseCompressedClassPointers               = true                           {product lp64_product} {ergonomic}
     bool UseCompressedOops                        = true                           {product lp64_product} {ergonomic}
     bool UseG1GC                                  = true                                      {product} {ergonomic}
     bool UseLargePagesIndividualAllocation        = false                                  {pd product} {ergonomic}

Logging:
Log output configuration:
 #0: stdout all=warning uptime,level,tags
 #1: stderr all=off uptime,level,tags

Environment Variables:
PATH=C:\Program Files\Common Files\Oracle\Java\javapath;C:\WINDOWS\system32;C:\WINDOWS;C:\WINDOWS\System32\Wbem;C:\WINDOWS\System32\WindowsPowerShell\v1.0\;C:\WINDOWS\System32\OpenSSH\;C:\xampp\php;C:\ProgramData\ComposerSetup\bin;C:\Program Files\dotnet\;C:\Program Files\Git\cmd;C:\xampp\php;C:\Program Files\PuTTY\;C:\Users\hesti\AppData\Local\Programs\Python\Python312\Scripts\;C:\Users\hesti\AppData\Local\Programs\Python\Python312\;C:\Users\hesti\AppData\Local\Programs\Python\Launcher\;C:\Users\hesti\AppData\Local\Microsoft\WindowsApps;C:\xampp\mysql\bin;C:\Users\hesti\AppData\Roaming\Composer\vendor\bin;C:\Users\hesti\AppData\Local\Programs\Microsoft VS Code\bin
USERNAME=LENOVO
OS=Windows_NT
PROCESSOR_IDENTIFIER=AMD64 Family 23 Model 160 Stepping 0, AuthenticAMD
TMP=C:\Users\hesti\AppData\Local\Temp
TEMP=C:\Users\hesti\AppData\Local\Temp



Periodic native trim disabled

JNI global refs:
JNI global refs: 11, weak refs: 11

JNI global refs memory usage: 843, weak refs: 841

Process memory usage:
Resident Set Size: 283976K (4% of 6018300K total physical memory with 339504K free physical memory)

OOME stack traces (most recent first):
Classloader memory used:
Loader jdk.internal.loader.ClassLoaders$AppClassLoader                                 : 5634K
Loader bootstrap                                                                       : 1330K
Loader java.net.URLClassLoader                                                         : 63172B
Loader jdk.internal.reflect.DelegatingClassLoader                                      : 15310B


---------------  S Y S T E M  ---------------

OS:
 Windows 11 , 64 bit Build 22621 (10.0.22621.3958)
OS uptime: 0 days 1:21 hours

CPU: total 8 (initial active 8) (8 cores per cpu, 2 threads per core) family 23 model 160 stepping 0 microcode 0x0, cx8, cmov, fxsr, ht, mmx, 3dnowpref, sse, sse2, sse3, ssse3, sse4a, sse4.1, sse4.2, popcnt, lzcnt, tsc, tscinvbit, avx, avx2, aes, clmul, bmi1, bmi2, adx, sha, fma, vzeroupper, clflush, clflushopt
Processor Information for all 8 processors :
  Max Mhz: 2401, Current Mhz: 2401, Mhz Limit: 2401

Memory: 4k page, system-wide physical 5877M (331M free)
TotalPageFile size 16531M (AvailPageFile size 16M)
current process WorkingSet (physical memory assigned to process): 277M, peak: 291M
current process commit charge ("private bytes"): 314M, peak: 328M

vm_info: OpenJDK 64-Bit Server VM (17.0.11+0--11852314) for windows-amd64 JRE (17.0.11+0--11852314), built on May 16 2024 21:29:20 by "androidbuild" with MS VC++ 16.10 / 16.11 (VS2019)

END.
